<?xml version="1.0" encoding="UTF-8"?>
<!-- Generated by org.testng.reporters.JUnitReportReporter -->
<testsuite hostname="Manoj_Kumar_M" failures="0" tests="2" name="demo.TestNGClass" time="0.015" errors="0" timestamp="2024-09-01T12:04:03 IST" skipped="0">
  <testcase classname="demo.TestNGClass" name="demoTest" time="0.013">
    <system-out>
      <![CDATA[Hello Test NG]]>
    </system-out>
  </testcase> <!-- demoTest -->
  <testcase classname="demo.TestNGClass" name="demoTest2" time="0.002">
    <system-out>
      <![CDATA[Hello Test NG 2]]>
    </system-out>
  </testcase> <!-- demoTest2 -->
  <system-out>
    <![CDATA[Hello Test NG
Hello Test NG 2]]>
  </system-out>
</testsuite> <!-- demo.TestNGClass -->
